c:\users\monkey.e\desktop\git\study-notes\factory pattern\factory pattern\debug\vc141.pdb
c:\users\monkey.e\desktop\git\study-notes\factory pattern\factory pattern\debug\vc141.idb
c:\users\monkey.e\desktop\git\study-notes\factory pattern\factory pattern\debug\pizzastore.obj
c:\users\monkey.e\desktop\git\study-notes\factory pattern\factory pattern\debug\pizzaingredientfactory.obj
c:\users\monkey.e\desktop\git\study-notes\factory pattern\factory pattern\debug\pizza.obj
c:\users\monkey.e\desktop\git\study-notes\factory pattern\factory pattern\debug\clampizza.obj
c:\users\monkey.e\desktop\git\study-notes\factory pattern\factory pattern\debug\nypizzaingredientfactory.obj
c:\users\monkey.e\desktop\git\study-notes\factory pattern\factory pattern\debug\main.obj
c:\users\monkey.e\desktop\git\study-notes\factory pattern\factory pattern\debug\clams.obj
c:\users\monkey.e\desktop\git\study-notes\factory pattern\factory pattern\debug\nypizzastore.obj
c:\users\monkey.e\desktop\git\study-notes\factory pattern\factory pattern\debug\cheesepizza.obj
c:\users\monkey.e\desktop\git\study-notes\factory pattern\factory pattern\debug\thincrustdough.obj
c:\users\monkey.e\desktop\git\study-notes\factory pattern\factory pattern\debug\thickcrustdough.obj
c:\users\monkey.e\desktop\git\study-notes\factory pattern\factory pattern\debug\sauce.obj
c:\users\monkey.e\desktop\git\study-notes\factory pattern\factory pattern\debug\plumtomatosauce.obj
c:\users\monkey.e\desktop\git\study-notes\factory pattern\factory pattern\debug\marinarasauce.obj
c:\users\monkey.e\desktop\git\study-notes\factory pattern\factory pattern\debug\frozenclams.obj
c:\users\monkey.e\desktop\git\study-notes\factory pattern\factory pattern\debug\freshclams.obj
c:\users\monkey.e\desktop\git\study-notes\factory pattern\factory pattern\debug\dough.obj
c:\users\monkey.e\desktop\git\study-notes\factory pattern\factory pattern\debug\chicagopizzaingredientfactory.obj
c:\users\monkey.e\desktop\git\study-notes\factory pattern\factory pattern\debug\chicagopizzastore.obj
c:\users\monkey.e\desktop\git\study-notes\factory pattern\debug\factory pattern.exe
c:\users\monkey.e\desktop\git\study-notes\factory pattern\debug\factory pattern.ilk
c:\users\monkey.e\desktop\git\study-notes\factory pattern\debug\factory pattern.pdb
c:\users\monkey.e\desktop\git\study-notes\factory pattern\factory pattern\debug\factory pattern.tlog\cl.command.1.tlog
c:\users\monkey.e\desktop\git\study-notes\factory pattern\factory pattern\debug\factory pattern.tlog\cl.read.1.tlog
c:\users\monkey.e\desktop\git\study-notes\factory pattern\factory pattern\debug\factory pattern.tlog\cl.write.1.tlog
c:\users\monkey.e\desktop\git\study-notes\factory pattern\factory pattern\debug\factory pattern.tlog\link.command.1.tlog
c:\users\monkey.e\desktop\git\study-notes\factory pattern\factory pattern\debug\factory pattern.tlog\link.read.1.tlog
c:\users\monkey.e\desktop\git\study-notes\factory pattern\factory pattern\debug\factory pattern.tlog\link.write.1.tlog
