c:\users\monkey.e\desktop\git\study-notes\iterator pattern\iterator pattern\debug\vc141.pdb
c:\users\monkey.e\desktop\git\study-notes\iterator pattern\iterator pattern\debug\vc141.idb
c:\users\monkey.e\desktop\git\study-notes\iterator pattern\iterator pattern\debug\menuitem.obj
c:\users\monkey.e\desktop\git\study-notes\iterator pattern\iterator pattern\debug\menu.obj
c:\users\monkey.e\desktop\git\study-notes\iterator pattern\iterator pattern\debug\main.obj
c:\users\monkey.e\desktop\git\study-notes\iterator pattern\iterator pattern\debug\iterator.obj
c:\users\monkey.e\desktop\git\study-notes\iterator pattern\iterator pattern\debug\waitress.obj
c:\users\monkey.e\desktop\git\study-notes\iterator pattern\iterator pattern\debug\dinermenuiterator.obj
c:\users\monkey.e\desktop\git\study-notes\iterator pattern\iterator pattern\debug\dinermenu.obj
c:\users\monkey.e\desktop\git\study-notes\iterator pattern\iterator pattern\debug\cafemenu.obj
c:\users\monkey.e\desktop\git\study-notes\iterator pattern\iterator pattern\debug\cafemenuiterator.obj
c:\users\monkey.e\desktop\git\study-notes\iterator pattern\debug\iterator pattern.exe
c:\users\monkey.e\desktop\git\study-notes\iterator pattern\debug\iterator pattern.ilk
c:\users\monkey.e\desktop\git\study-notes\iterator pattern\debug\iterator pattern.pdb
c:\users\monkey.e\desktop\git\study-notes\iterator pattern\iterator pattern\debug\iterator pattern.tlog\cl.command.1.tlog
c:\users\monkey.e\desktop\git\study-notes\iterator pattern\iterator pattern\debug\iterator pattern.tlog\cl.read.1.tlog
c:\users\monkey.e\desktop\git\study-notes\iterator pattern\iterator pattern\debug\iterator pattern.tlog\cl.write.1.tlog
c:\users\monkey.e\desktop\git\study-notes\iterator pattern\iterator pattern\debug\iterator pattern.tlog\link.command.1.tlog
c:\users\monkey.e\desktop\git\study-notes\iterator pattern\iterator pattern\debug\iterator pattern.tlog\link.read.1.tlog
c:\users\monkey.e\desktop\git\study-notes\iterator pattern\iterator pattern\debug\iterator pattern.tlog\link.write.1.tlog
